

Version:	3.14
CmdLine:	D:\Eclipse\workspace\workspace001\ReminderApp\BirthdayReminder.exe --l4j-debug
WOW64:		yes
Working dir:	D:\Eclipse\workspace\workspace001\ReminderApp\.
Java min ver:	1.008.000
Java max ver:	
64-bit search:	SOFTWARE\JavaSoft\Java Runtime Environment...
Check:		SOFTWARE\JavaSoft\Java Runtime Environment\1.8
Check launcher:	C:\Program Files\Java\jre1.8.0_333\bin\javaw.exe (OK)
Match:		1.008.000
Check:		SOFTWARE\JavaSoft\Java Runtime Environment\1.8.0_333
Check launcher:	C:\Program Files\Java\jre1.8.0_333\bin\javaw.exe (OK)
Match:		1.008.000_333
64-bit search:	SOFTWARE\JavaSoft\Java Development Kit...
64-bit search:	SOFTWARE\JavaSoft\JRE...
64-bit search:	SOFTWARE\JavaSoft\JDK...
Runtime used:	1.008.000_333 (64-bit)
Launcher:	C:\Program Files\Java\jre1.8.0_333\bin\javaw.exe
Launcher args:	-jar "D:\Eclipse\workspace\workspace001\ReminderApp\BirthdayReminder.exe"
Args length:	73/32768 chars
Exit code:	0


Version:	3.14
CmdLine:	D:\Eclipse\workspace\workspace001\ReminderApp\BirthdayReminder.exe --l4j-debug
WOW64:		yes
Working dir:	D:\Eclipse\workspace\workspace001\ReminderApp\.
Java min ver:	1.008.000
Java max ver:	
64-bit search:	SOFTWARE\JavaSoft\Java Runtime Environment...
Check:		SOFTWARE\JavaSoft\Java Runtime Environment\1.8
Check launcher:	C:\Program Files\Java\jre1.8.0_333\bin\javaw.exe (OK)
Match:		1.008.000
Check:		SOFTWARE\JavaSoft\Java Runtime Environment\1.8.0_333
Check launcher:	C:\Program Files\Java\jre1.8.0_333\bin\javaw.exe (OK)
Match:		1.008.000_333
64-bit search:	SOFTWARE\JavaSoft\Java Development Kit...
64-bit search:	SOFTWARE\JavaSoft\JRE...
64-bit search:	SOFTWARE\JavaSoft\JDK...
Runtime used:	1.008.000_333 (64-bit)
Launcher:	C:\Program Files\Java\jre1.8.0_333\bin\javaw.exe
Launcher args:	-jar "D:\Eclipse\workspace\workspace001\ReminderApp\BirthdayReminder.exe"
Args length:	73/32768 chars
Exit code:	0
